*** Life<FredkinCell> 13x13 ***

Generation = 0, Population = 18.
----0--------
-0-----0-0---
---0---------
---0-0-------
-------------
----0--------
-------------
--------0----
-------------
----------000
----00-----0-
----0--------
-0-0---------

Generation = 1, Population = 48.
-0-0-0-0-0---
0-000-0---0--
-00100-0-0---
--01--0------
---000-------
---0-0-------
----0---0----
-------0-0---
--------0-000
----00---0111
---0-10----1-
-0--1------0-
0------------

Generation = 2, Population = 42.
--010-0------
-------0-0-0-
-1--11-------
---200---0---
---1---------
--01-10-0----
-------------
----0-0----00
----00-----1-
----1----12--
-00---10-0---
--0---0---010
----0------0-

Generation = 3, Population = 78.
-01-1----0-0-
-000-0------0
0-0---00---0-
-00-1-0-0-0--
------0-00---
-01--21--0---
--0000--0--00
---010-0--0-1
---011---0-2-
-0002-000-3--
01-001-1-1010
--10101---121
--00-00----1-

Generation = 4, Population = 51.
0--1----0----
---10--0-0-0-
----1--1-----
-1-----010---
----0--------
01-----001000
---111-----1-
---1-1------2
-0-1---------
----3-111-411
1--1---202-2-
0---2--------
-0--0--0---2-

Generation = 5, Population = 88.
-012-------0-
0-0--0010---0
-1--210----0-
0-0---0--10--
0--1-0----000
1211-211---11
000---0000-20
-00-120------
0--2-1000-02-
00-0--22-1522
210-0---1303-
1---30--00---
--00100-0-0-0

*** Life<FredkinCell> 19x19 ***

Generation = 0, Population = 32.
---0---------------
----0-------0--0---
--00---------------
-0-----------0--0--
-------0--0--------
-0------00---------
-------------------
-------------0-----
-----0-------------
---------0---------
--0---0------------
-----0------------0
-----------------0-
---0---------0-----
----0--------00----
------------------0
-------0------0----
-------------------
--------0--------0-

Generation = 1, Population = 85.
--0---------0--0---
--00-0-----0-00-0--
--11--------00-00--
0--0---0--0-0-00-0-
------0----0-0--0--
0-0-----11---------
-0------00---0-----
-----0------0-0----
----0-0--0---0-----
--0--00-0-0--------
-0-0---0-0--------0
--0-0--------------
---0-0-------0--0--
--0---------01---0-
-----0------0-10--0
----0--0-----0---0-
------0-0----0-0--0
-------00-----0--0-
-------0-0------0-0

Generation = 2, Population = 103.
-01--0-------------
-01---0---0---1-10-
00-200-0--0--------
-0-10---00-01-1---0
--00-0--00--0------
-0-0--00--00----0--
-----0-0--0--------
-0------0--0---0---
--00--10-----------
-----1-0---0-0----0
0----0--0--------0-
-------0-0---0--0-0
--0-0-0------100---
-0---------0---0---
--0---00---01-2100-
---0---------1--0-0
----00--10--010-00-
------------------0
------010-0---00-0-

Generation = 3, Population = 169.
0--00-----0---0-00-
-1--00---010-0--210
111-110---1-0---000
-102-0----01---0-0-
-0110------0100-0-0
0-01001----1---0-0-
---00-01-010---00--
0--0-000-0--0-0-0--
--110-2------0-0--0
0-000201--0---0----
-0--0100---0------0
0-0-00--0-0-01---0-
---------0-00-----0
0-0-0--0--01-10--0-
-----0110-0-203211-
-----00000-0020----
----11002100121--10
----0000-00-00-000-
-----01-1--0-011---

Generation = 4, Population = 90.
--11------1--------
02--1---01-10--03--
2--2--10-----------
-2---1---0--10---10
-----00----1--1----
-0-------1---0-1---
---1--1------------
-0---1---1---0--100
-0-----0-00------0-
-0-1-3--00---------
0-0-1-1---0--00----
-0-------0---20-0-0
-----0-0-----10--0-
-------1---------1-
0-0---2--01-------0
-----1--------1-0-0
---0----3-11------1
---0---------1-----
-------1----0----0-

Generation = 5, Population = 184.
0-22----0---0--00--
-3-0-00-1212101141-
311---21---0-0-0000
--0202000-0-21--021
----0-10--0--0---00
0-01-0--1-010-0-0--
--0-0--1-------0000
01000--002--0-00211
0-11--2-0110-0---1-
-10-0---1-0--00--0-
---0-1-000-00--00-0
----00000---031--0-
-0--0--100--0--0-1-
0-0--0-2000--10-02-
---0----0120--3-1-1
0-000---00-0-2-----
--0111-0--22121-012
--010--00-00--0--00
---0--1-1--0----0-0

*** Life<FredkinCell> 17x17 ***

Generation = 0, Population = 19.
-----------------
0----0-----------
-----------0-----
---------------0-
-----------------
----0------------
-----------------
---------0-------
-------0---------
----0-0----------
--0-----------0--
---0------0------
-----------------
-----0-----0-----
--0-----------0--
0-0--------------
-----------------

Generation = 1, Population = 62.
0----0-----------
-0--0-0----0-----
0----0----0-0--0-
-----------0--0-0
----0----------0-
---0-0-----------
----0----0-------
-------00-0------
----0---00-------
--00----------0--
-0--0-0---0--0-0-
----0----0-0--0--
---0-0----00-----
--0-0-0---0-0-0--
0010-0-----0-0-0-
--10----------0--
0-0--------------

Generation = 2, Population = 59.
-----------0-----
0-00---0-------0-
---------0---0---
0---00-------0---
-----------0-----
--0---0--0-----0-
-------0---------
------01---0-----
--0--0---1----0--
--110-0-000------
0---1--0----0---0
-0--1-0-0--10----
-----------------
0-1----0-01--0---
1---0-------0---0
--2-00-----0-----
--1-----------0--

Generation = 3, Population = 152.
0-00---0--0-0--0-
--110-0-00-0-00-0
--0000-00-0-0100-
-0-0110--0-0010--
0-0-000--00-00-0-
-0-0-0--0-00--0-0
--0---0100-0---0-
--0---1-000-0-0--
-01---00-2-0-0-0-
00---0-011100-0-0
--0--00-000-10-0-
--002--0-002-0--0
000-0-00000000---
1--00-0--120--0-0
20-01--0-00----0-
003--10---0---0-0
-02000-----0-0-0-

Generation = 4, Population = 64.
-----------0-----
002--0---1-------
-------1-------1-
---------1-1---0-
-------0---------
----010-1--------
--1--------1--0--
---0-0----1--0-0-
---0-------1-----
1-1-01--2-21-----
0-1---1---1---0-0
0-1---01-1----0--
-------1---------
-0--1-10-2-----0-
3-1---0---1---0-0
---00-1---1------
--3-----------0--

Generation = 5, Population = 120.
000--0---00-0----
1-310-000-00---0-
000--00-0--0--020
--------0---0-010
----00---0-0---0-
--001-10-0-0--0--
-0--0-0-0---0----
---1--1--0-00-0-0
0--1----0-0200-0-
2-2112-0----0-0-0
---01-2-0-2--01--
1-20-0-------0100
000-0-0-0-----00-
---0-------------
-0---0----20-0-0-
0-311-20-020----0
-0--0-0---0--0-0-

*** Life<FredkinCell> 10x10 ***

Generation = 0, Population = 16.
---------0
0----0----
-0--------
00--------
----0---0-
----------
-0-0------
-----00-0-
-----0----
------0-0-

Generation = 1, Population = 38.
0----0--0-
----0-0--0
010--0----
1-0-0---0-
00-0-0-0-0
-0-00---0-
0---000-0-
-0-00-1--0
----010---
---------0

Generation = 2, Population = 33.
-0-----0--
-000---0--
---00---00
--10-0----
--01------
01---00-1-
-0-01---1-
---11--0--
-0-----0--
----000-0-

Generation = 3, Population = 50.
01-0--010-
0-----01-0
-1011---11
-0-10-0-00
0---0-0-0-
1----11-20
-1----0-20
--0--011--
0-00-1-1--
-0-01-10-0

Generation = 4, Population = 43.
-2--00-21-
100-00---1
---2-0---2
-11-1-1-1-
1---10---0
2----22-3-
-----0-0--
0-1-1-2--0
-0--02--00
--0-202---

Generation = 5, Population = 48.
-3-0---32-
2110-101-2
0-0--1---3
-2212----0
2-01--0-0-
31---330--
--0--1---0
-0--2----1
--001-011-
-----13000

*** Life<FredkinCell> 15x15 ***

Generation = 0, Population = 20.
--------0----0-
---------------
------0--------
---0--0--0-----
0------------0-
--------------0
---------------
-----0---------
--------0-0----
-0----------0--
---------------
----0-----0----
---------------
-------------0-
-0-0---0-------

Generation = 1, Population = 65.
-------0-0--0-0
------0-0----0-
---0-010-0-----
0-0-00100-0--0-
-0-0--0--0--0--
0--------------
-----0--------0
----0-0-0-0----
-0---0-0---00--
0-0-----0-00-0-
-0--0-----0-0--
---0-0---0-0---
----0-----0--0-
-0-0---0----0-0
0---0-0-0----0-

Generation = 2, Population = 58.
--------0-00-0-
---0--1--0-----
0---0----------
-0--11-11--0--0
0-0---1----0---
---0-00--0--0-0
0-------0-0--0-
-0-0---0----0-0
------0-0-0-1--
---000--------0
--------0-1----
-00---0-0----0-
-0-0---0-------
----0-----00---
-------0-0-----

Generation = 3, Population = 97.
---0--00-011--0
0-0--0-0---0-0-
----1-1000-0--0
0--0-212200100-
-0--002-0001---
-----1-0-----0-
-----00--0-00-0
----0---0--010-
-0--0--0----20-
--01-1------00-
-00000001--0-00
0-1--0-0100-0-0
010-------00-0-
-0---0----110--
----0-0----0---

Generation = 4, Population = 57.
0---0-1--1--0--
--------------0
--0-----1-0--0-
--0----3--1--1-
--0-1----11----
-0--------0----
------1--------
-0-01-0---0----
0---1-0-----310
-0---2--0----1-
-1-1---1-------
1----10-2-----1
-2-0---00-1----
-1-------0--1--
-0-0-0-0---1---

Generation = 5, Population = 102.
-0-0---00-11-00
0-0-0-1-000-0--
-010------1001-
-0-01-1----1020
--1--0-00221-0-
0---0-0---10---
---00020-------
---1---0-0-0100
-0--20100-00421
-101-----0---2-
-2--0---1----00
-0--021-300--0-
-3--00-1-0-00-0
0-0--0-------0-
01------000----

*** Life<FredkinCell> 19x19 ***

Generation = 0, Population = 21.
----0--------0-----
---00--------------
---0---------------
-------------------
---------0------0--
----------0-------0
----0--------------
--------0----------
-------------------
-----0--------0----
-------00----------
--------------0----
------------------0
-------------------
-----------------0-
----------------0--
------0------------
-------------------
---0---------------

Generation = 1, Population = 61.
----10------0-0----
--0--0-------0-----
--01---------------
---0-----0------0--
--------0------0-00
----0------0----00-
---0-0--0-0-------0
----0--0-0---------
-----0--0-----0----
----0-000----0-0---
-----00110---------
-------00----0-0--0
--------------0--0-
-----------------00
------------------0
------0--------0---
-----0-0--------0--
---0--0------------
--0-0--------------

Generation = 2, Population = 77.
--002-0----0-0-0---
-01--10------------
-0--00---0---0--0--
---10-----0-------0
---00--0---0--0---1
------------0---1-0
--0---0--0------0--
-----00-------0---0
----0--01----------
---0---11---0-0-0--
-----11--10-------0
-----0------0-0-0--
-------00-------010
--------------0-0--
------0--------0--1
--------------0---0
---00---0--------0-
----------------0--
-0-0-00------------

Generation = 3, Population = 137.
----3010--0-----0--
0---0--0-0-0---00--
01------0---0-00-00
-00-1--0-----00-001
--0--00-0----0-000-
--000-00-0---0002-1
-0-0--100-0-0-0010-
--0--1--00---0-000-
---------0--0---0-0
--0--0----00-----00
---00-2--210-----0-
----01-00000----1--
-----00110--0--01-1
------000----0-01--
-----0-0------0--02
---00-0-0----0----1
--0110-0-0----0----
-0--000-0------0---
0----110--------0--

Generation = 4, Population = 64.
0--0----0-------10-
1--01--10-0-------0
-------0-----0-----
--------0----------
----01------0-----1
---1101-------1-3--
0--1---1-----------
----0-------0-0----
---------1------1-1
-0-------0---------
---1-------10----1-
--------1-1-----2-0
------1-------0-2--
-----0--------0----
---0---10----0---1-
------------0-0---2
--12------0-------0
-------------------
------21---------0-

Generation = 5, Population = 157.
1001----100----021-
201-210----0-0--0--
0--10-010-0-0-0---0
----10---0--00----1
--------0--0-00-00-
0-0-212-----00---01
-00200--0---0---1--
0----1-0-0-0---00-0
-0--0---120-0-00---
0-00----11000---000
-00-0---12-210-----
---0--00----0-0030-
-------11-0--01-311
---00--00-----1010-
--0-000210----0-0--
--0----00-00-0-0--3
-0231----0-00-0--01
--00--00--0------00
-----1320-------0-0

*** Life<FredkinCell> 19x19 ***

Generation = 0, Population = 27.
0--00-----0--0-----
-----------0---0---
-------------------
--------0----------
-------------------
------------0------
-------------------
-------------------
--------------0----
--0--------------00
----0-------0------
--------0------0---
--0---000----------
-----0-------------
-------------------
-------------------
-------------------
------0-0--0-------
--0---------0------

Generation = 1, Population = 79.
-00110---0--0-00---
0--00-------000-0--
--------0--0---0---
-------0-0---------
--------0---0------
-----------0-0-----
------------0------
--------------0----
--0----------0-0-00
-0-00-------0-0-011
--00-0--0--0-0-0-00
--0-0-0-10--0-0-0--
-0-0--1--0-----0---
--0-0--00----------
-----0-------------
-------------------
------0-0--0-------
--0--0---00--------
-0-0--0-0----0-----

Generation = 2, Population = 82.
-1-2210-0-0010-1---
--------00-------0-
0--00-----0--0-----
------0---000--0---
-------------------
--------0-0---0----
--------------0----
--0---------0----00
----0-----------0--
0---1---0-------1-2
-------01-0--------
--1--01---0--0----0
0---002-010-0------
---0---11------0---
--0---000----------
-----00-0--0-------
--0---------0------
----0-0-011--0-----
0-0-0-----0-0-0----

Generation = 3, Population = 148.
0--3--1-101--1--00-
00---000-1000--00-0
-001100-0-1---00-0-
0--000-0-0--1-0-0--
------0-0--00-00---
-------0---0-010---
--0-----0-0-0010-00
-0-00------0-00--11
0-0010--0---0--01--
-0-020--100----02--
0-0-00-1--10-0--0--
00-0-------0--0--0-
-00-11-0-------0--0
0----00-2-0-0-0-0--
-0-----110-0---0---
----01-0100--------
-0-000---00--------
0--01---1--00------
----100-0-1--0-0---

Generation = 4, Population = 92.
1-0-2-2021----0--1-
-------1----1------
0--22-----2--0-----
----1-------2------
0--00-----0--01----
--0-----0--1---1000
----0-------1------
---------------0---
--1---001-0-------0
0----10-----000-31-
1---------------1--
----0------10------
0-102-2---000-0----
-00---1-30-0-----00
--0-0--------------
--------2------0---
------000---0------
--0-20002-111--0---
0-----1-1-------0--

Generation = 5, Population = 167.
------31-21-11-10-0
--00---2-100--0--0-
-003-0-0-0-00-0----
---0-0-----0-00----
-0-1-0--00---12-000
00-----0-0---0-2--1
--00-0--0----0--000
--0-0-000-0-0-0-0-1
00-0----2--000001--
100-22--1-001-1--2-
20--000----0-0002--
--1-101------00-0--
-0----300-1----0-00
-11--02-4101--0-011
--1--00--0-0---0-00
--0-0-0-30--0-0-0--
--0-0--1100-10-----
00--3--13-2--00----
-00-1-2020100----0-

*** Life<FredkinCell> 15x15 ***

Generation = 0, Population = 21.
----0-----0---0
---------------
----00---------
-----------0---
---------------
---------------
---------------
------------0-0
-----0--0------
-0---0-------0-
0-0----0-------
-0-------------
----------0----
---------------
----0-0-------0

Generation = 1, Population = 56.
---0-0---0-0-0-
-----0----0---0
---0110----0---
----00----0-0--
-----------0---
---------------
------------0-0
-----0--0--0---
-0--0100-0--000
----01000---0-0
---0-00-0----0-
-------0--0----
-0-------0-0---
----0-0---0---0
---0---0-----0-

Generation = 2, Population = 59.
--0--10-0-0----
-----------0---
--012-10--0---0
---------0---0-
----00---------
-----------00-0
-----0--0------
-0---1----0-00-
0-00--1---0----
-0-----1---01-1
--0-0---100----
-0-0-0-------0-
0-0-0-000---0-0
-0-------------
--0-----0-0-0--

Generation = 3, Population = 99.
-0-0021--------
---000-00-0-0-0
-01-3-210------
--00-0000---0--
---0110--0-0000
----0---0-011--
-0--0100-000-00
---002--001-110
--110----01--00
--000----0012--
-0-0----2-1-000
-------0-00----
---0-01-10-0-0-
--0-0-00--0---0
---0---0-----0-

Generation = 4, Population = 63.
0---132-0-0-0-0
---------------
01--4---100---0
-------1----1-0
----22--0-0---1
-0---0-------0-
0-0-12-1-------
-0------1-202-1
-0--1----12-0--
-----1-------0-
0-01-------0--1
-0---0------0-0
----01--2------
-0---0-------0-
-------10-0-0--

Generation = 5, Population = 97.
-0-02-3--------
-0---00--0--0--
1211-1--2-10001
00---00-00-0---
-0-03-0----00-2
----0-000-0-1--
----2-----00000
-1---2---0-----
0111-----2-01-0
0000--0--001---
-0120-----1---2
---0-10-0-----1
---01210-0--000
0-0--100--0---0
-0---0021------

*** Life<FredkinCell> 13x13 ***

Generation = 0, Population = 18.
-----------0-
-------------
-------------
-------------
--------0----
-----0-0-----
----0--------
-0------0--00
--0----0----0
-0-----------
--0----------
-00-0---0----
-------------

Generation = 1, Population = 39.
----------0-0
-----------0-
-------------
--------0----
-----0---0---
-------------
-0-0---00--00
0---0----001-
-0-0--0-----1
0-0----0----0
-0100---0----
01---0-0-0---
-00-0---0----

Generation = 2, Population = 51.
---------0-0-
-------------
--------0--0-
-----0-0-----
----0-0---0--
-0-0-0-000-00
------011---1
-0-0-000-1--0
0-0--0---00-2
--100------01
0-2-1--0----0
12000-----0--
--1----------

Generation = 3, Population = 58.
--------0---0
--------00---
-----0---00-0
------0---00-
-0-----00---0
0---0---1101-
-----0---0---
--0---1-02-1-
-010-1-00-10-
-02----0-0-12
10---00-0-0-1
-----0-0-0-00
0-2-0-----0--

Generation = 4, Population = 45.
-------01--0-
-----0-0-----
----0------0-
-0------0--10
--0-0--1---0-
---0-----2-2-
0-0-----1----
--1--0-0--020
0--1--0---21-
-1-----1-----
2---1-1------
-20--10-0--1-
-------0----0

Generation = 5, Population = 67.
-----00-200-0
-------1-----
-0-0---00-01-
0--------0021
---0-00--00--
0-0----0---30
--1--0----0-1
-02-0-1--2-31
----0--0-0---
0-200-0-0-01-
-020-02-0--0-
-310-2-0-00--
-02--0-------

*** Life<FredkinCell> 10x10 ***

Generation = 0, Population = 15.
----0---0-
----------
------0---
--00---0--
-0-----0--
--------0-
0-0--0----
---------0
-------0--
0---------

Generation = 1, Population = 40.
---0-0-0-0
----0-0-0-
--00-0----
--110--10-
0--0--01--
000--0---0
---00-0-00
0-0--0-00-
0-----0-00
-0-----0--

Generation = 2, Population = 38.
--0-0-0-0-
--00---0--
-0-----0--
00--1---10
1-01--1--0
--10--00-1
-0011--0--
1------110
1-0------1
--0------0

Generation = 3, Population = 44.
-010---0-0
---1---1--
-1-00-01-0
-----00-2-
20---02---
0-21-0---2
-11220----
2--00-0---
2-10---0--
0010----01

Generation = 4, Population = 40.
01--0-01--
--------0-
0---10--0-
0--1--11--
-1-101-100
1---0---0-
022-3----0
3-01-0----
-0-1-----1
--2-0---12

Generation = 5, Population = 49.
1210--12--
-0---00-10
11--21--10
1-12102-20
2---122-11
202-----12
1--24-----
4---0-0---
---2-0---2
---0-0-02-

*** Life<FredkinCell> 19x19 ***

Generation = 0, Population = 20.
--0----------------
------------0------
---0-0---------0---
----0-------0------
-------------------
-------------------
-------------------
-------0-----------
------------0-0----
-------------------
---0--------0------
--------0----------
-----------------0-
-----------0------0
---------00--------
--0----------------
-------0-----------
-------------------
-------------------

Generation = 1, Population = 58.
-0-0--------0------
--00-0-----0-0-0---
--0-0-0-------0-0--
-----------0-0-0---
----0-------0------
-------------------
-------0-----------
------0-0---0-0----
-------0---0---0---
---0----------0----
--0-0---0--0-0-----
---0---0-0--0----0-
--------0--0----0--
---------0--0------
--0-----011-------0
-0-0---0-00--------
--0---0-0----------
-------0-----------
-------------------

Generation = 2, Population = 70.
0-0100---------0---
----0-----0-0-0----
-010-0-0-----0---0-
--0---0---0-0-0----
---0-0---------0---
----0--0----0------
------------0-0----
-----0---0---------
---0------0---0-0--
-------00----------
-0---0----0-0----0-
------0---00------0
---0-----00-0--0---
--0-----01---0--0-0
--------1--00----0-
0---0------0------0
-----0----0--------
--0----------------
-------0-----------

Generation = 3, Population = 128.
--1-110---0-0---0--
00-010-0-0---0---0-
01210-0-0---0-0-0-0
--10-0---0---0---0-
----0--0--0-----0--
------0-0--01000---
----00-0-0-01--0---
---00-0-0---0---0--
--0-00-00--0-0---0-
-0-0-00110--0-0-00-
0-0-0--00010-0--0--
-0-0---0--110--0---
----0-0----0--0----
-0-----0---00-0--0-
0-0-0--02-1-1-----0
-0-0----0--1-------
0-0---0--0--------0
-0-0-0-0--0--------
--0---0-0----------

Generation = 4, Population = 70.
0--1-21--------0---
--------0---0---0--
-23----0-0-0-------
0------0--------0--
--0---------0-0----
------------2------
-----1------2--1---
---11---1--01------
--------1-0-----010
-----------0------0
-------1112-----1--
--0-0--1----1------
-------0----001--0-
-------1------100--
---0-00-----200----
0-----0-1----------
---0-------0-----0-
-----------0------0
-------0-00--------

Generation = 5, Population = 140.
-01--3200---0-0----
0000-00------0---0-
-341--010----------
------0100-00-00-0-
00-0---0---01--00--
--0--0-----0-000---
---0--0-0----00-0--
--022--020-1-0-0000
---00--02--00--01--
-------1-00-0-----1
--0-0-0---3-0--0-00
-0---00--0112-0-00-
--0-0-0-0--0------0
---0-0-20----02-1--
0-0--1--2--03---0--
-0----1--0-1000--0-
0-0-0-0-0-010---0--
---0---0-0-10------
------0--11-------0

*** Life<FredkinCell> 11x11 ***

Generation = 0, Population = 11.
-0-0-------
----0------
-----------
-----------
-------0-00
--------0--
-----------
-----------
-------0--0
----0-----0
-----------

Generation = 1, Population = 27.
0----------
-0---0-----
----0------
-------0-00
------0-011
----------0
--------0--
-------0--0
----0-0-001
---0-0-0-01
----0-----0

Generation = 2, Population = 31.
-----0-----
--0---0----
-0-0---0-00
----0---0--
-----0-0122
------0---1
---------0-
----0---0-1
-----0--112
--0---0-0-2
-------0--1

Generation = 3, Population = 38.
--0-0------
---------00
0-0-----011
-0-----010-
------012--
--------002
----0-0---0
---0---01-2
--0----02-3
-0-0---010-
--0------02

Generation = 4, Population = 29.
-0---0---00
0---0------
-0-0-------
-----------
-0---012322
----0------
-----------
-----------
---0--01314
0---0-0-2-2
-------0--3

Generation = 5, Population = 45.
--0---0-011
-0-------00
-----------
---0-000100
0-0--1----3
-0-0--00002
----0------
---0--00102
0-0--0--4--
-0----1-30-
0---0----04

*** Life<FredkinCell> 16x16 ***

Generation = 0, Population = 27.
--------------0-
---0--0--------0
--0---0---------
---------0------
----------------
--00------------
----------------
----------0-----
-0--------0-----
---0-0----0--0--
----0----0------
0-------0-------
-------0-0------
--0-------------
---00-----------
-0------------0-

Generation = 1, Population = 71.
---0--0------0--
----0010--------
-0---010-0-----0
--0---0-0-0-----
--00-----0------
-0110-----------
--00------0-----
-0-------010----
0-00-0---0-0-0--
-00-0-0---100-0-
0------------0--
-0--0----0------
0-0---0-0-0-----
-0--0--0-0------
-0-110--------0-
0-000--------0-0

Generation = 2, Population = 79.
--0---1-----0-0-
-0--11--00---0-0
0-------0-----0-
--1---10---0---0
--1---0---------
01--10---00-----
-0--------1-----
--0--0--0-2-00--
---10---01--0---
01-0-0-0--211--0
-00---0--000----
0--0-00------0--
---0-0-0---0----
-1--1---0-----0-
-10--100-0------
-011--------0-0-

Generation = 3, Population = 124.
---00--000-0-0--
---022-0-10-----
--0-001-1--0---0
0020-0-1--0-0---
0-200-1--000---0
1--121--01-0----
-1--0---0--000--
------00103--10-
00--10---20----0
1-010-0--0-2-00-
0-10-01-011--0-0
---1-----00-0-0-
0001010---0-000-
02---000---0-0-0
02---2-10-0-0---
0-220000-0-0---0

Generation = 4, Population = 85.
--0---1---0---0-
------11--10-0-0
0-1---2---0---0-
-----1----1--0--
-0--------1---0-
2----2-0--0--0-0
--0-1-0--0------
0-----1-21----1-
-1---100-3----0-
-1-2--10------10
1--101--1----1--
-00-------1-1-1-
-1-2-2----10-1--
13-0-11---0--10-
1--1---210------
103--1--0-0---0-

Generation = 5, Population = 113.
-0-0-02--01-----
0----2220121----
---0--3--0---0--
002-0----0-00-0-
--2----0-0-0-0--
--1---0-0-100-0-
-1---01--1---000
--0-0--0323--120
-20112--040--0--
-2-3-0---0-----1
-0---2---11---00
--110---0020---0
--03-3---021020-
------2-0-1-0-10
-2-21--3210--0--
--4-0-0-10-0-0-0

*** Life<FredkinCell> 11x11 ***

Generation = 0, Population = 18.
--0---00---
-----0-0--0
---0-0-0---
-----------
-0---------
0--0---0---
-----------
------0-000
-----------
--------0--
-----------

Generation = 1, Population = 44.
-0-0--1-0-0
--00010-00-
--0--1-10-0
-0-0-0-0---
--00---0---
--0-0-0-0--
0--0--00000
-----0--1-1
------0--00
-------0-0-
--------0--

Generation = 2, Population = 36.
0-01--2-10-
---1-2-0110
--10--0--0-
0--1-1----0
-----0-1---
001---1-1-0
-0---------
0--00-0-2--
-----------
--------01-
-----------

Generation = 3, Population = 51.
--1-0--0---
0-0----12-1
002101---10
-0-2-2-0---
-000010----
1120---0---
01-00-----0
--011----0-
0--00-0--0-
-------0120
--------00-

Generation = 4, Population = 50.
002--021--0
10---20-312
-132--0--2-
------0-000
-11--211---
--3100--1-0
---1-0-0---
--1-200-21-
-0---------
0--00--12-1
-----------

Generation = 5, Population = 67.
-1310-32--1
-1010-1142-
---30--10-0
---2---0111
02----2200-
---2-1-0---
--02--0-000
---13110321
---0-000-00
--0110023--
0--00--00-0

*** Life<FredkinCell> 14x14 ***

Generation = 0, Population = 23.
--------0-----
---0-------00-
-----0-------0
-0------------
-----0--------
--------------
---------0----
----0-----0---
----------0---
-00-----------
0--0--------0-
-0----0-------
----0----00---
-------------0

Generation = 1, Population = 67.
---0---0-0-00-
--0-00--0-011-
-0-00-0----0--
0-0----------0
-0--0-0-------
-----0---0----
----0---0-----
---0-0----10--
-00-0----010--
-11-------0-0-
-0--0-0----0-0
--0000-0-00-0-
-0-0-00-0110-0
----0----00-0-

Generation = 2, Population = 65.
-----00-0-0--0
-----1---01--0
---1-0-00--1-0
-----------00-
---0-0-0-0---0
-0--0-----0---
-----0-0--00--
-0----0-0---0-
0--0----01----
02-0--0---1---
010-10---00---
-0111---0----0
0-01--101--1--
-0----0----0--

Generation = 3, Population = 83.
----0-1--01001
---00--001--1-
--0--1-11--201
--------000-10
-00-0------0--
0-0--0----1--0
------0--0-1--
--00---01-1--0
10010--0-2--0-
1-11---00020--
-----1---1-0-0
0--2--0-1-000-
-----0---11200
---0-01-0-010-

Generation = 4, Population = 61.
----1-------12
---1----1--1-0
-0------20-3--
-0--00----1---
-1------000---
-010-------00-
0--0--------0-
0-------2-----
----100--31---
22---00------0
--0-1--002--0-
-01-10-------0
0---011-12---1
--0---2--0-2--

Generation = 5, Population = 102.
-----0--0---2-
-00----02-1211
010101-1-10401
0-00110--02---
0--000-01---0-
----0---00-1-0
1--10---0---10
10-00000--1-0-
-0-121-0-420-0
33--0---0-2---
011-21-1-300-0
-1--2--0-----1
---1-2--2-1202
00-00-30-1--00

*** Life<FredkinCell> 13x13 ***

Generation = 0, Population = 30.
0------0---0-
--------0----
0--0-0-----00
---------00--
-----0-------
---------0---
-----0-------
----0-----0--
-0----00-----
--0----0-----
0----------0-
---0-0--00---
-0----0-0----

Generation = 1, Population = 66.
-0----0---0-0
---0-0---0--0
-00---0-00-11
0--0----011-0
----0-0---0--
--------0-0--
------0--00--
-0-0--00-0-0-
0---001-0-0--
0--0---10--0-
-000-0-0000-0
000----0-100-
0-00----1----

Generation = 2, Population = 64.
0-00---0----1
------0--1---
-110-----1022
-------0-2-01
0------0---00
----0--0-0-0-
-0-0-01------
------1101--0
1--01---10-0-
1--1----1-0--
0-1----111---
-110-001--11-
10-10-----00-

Generation = 3, Population = 84.
--110---00-0-
00---0--02-0-
02-10-0002-3-
0000--01-3112
-0--0-0-0-01-
00-----1---1-
0---01-00--00
00--0---1-0--
200-201-2-0--
-0-2---------
1020-0--2200-
0-2-01------0
2-0-1-00-0--0

Generation = 4, Population = 77.
0-2-1--0---11
----0---13--0
131-10-1130--
----001---2-3
0-----1--0-2-
--0--0-20----
-0-0-2---0--1
1--0-01---1-0
--10--2-3-10-
1--3--0--0-0-
-13-01013--1-
-1-0---10-1-1
3-1-2011--001

Generation = 5, Population = 76.
----200--002-
-0-0---0----1
2-2-2-0224-3-
-000-1--0331-
-00-002---0--
0---010310-10
--01---0---02
-------11-201
-0212----0---
--04----1-0-0
--4-1-12---2-
-2--0-02--2-2
-0-13----0---

*** Life<FredkinCell> 19x19 ***

Generation = 0, Population = 18.
-------------------
-------------------
-------------------
----------0--------
-------------------
---0-----0--------0
-------------------
--------------0----
-------------------
------------------0
-------------------
---------0--0----0-
00----------------0
---------------0---
--------------0----
------00----------0
-------------------
---0---------------
-------------------

Generation = 1, Population = 59.
-------------------
-------------------
----------0--------
---------0-0-------
---0-----00-------0
--0-0---0-0------0-
---0-----0----0---0
-------------0-0---
--------------0---0
-----------------0-
---------0--0----00
00------0-00-0--0--
110------0--0--0---
00--------------0-0
------00-----0----0
-----0110-----0--0-
---0--00----------0
--0-0--------------
---0---------------

Generation = 2, Population = 63.
-------------------
----------0--------
-------------------
---0----01--0-----0
-------------------
-0---0-0--10--0-0-0
-------------------
---0-----0--0---0--
-------------------
---------0--0-0-010
00----------------1
-------0--11--0---0
2-10----------0-0-0
------00-0--00----1
00----------0---0-1
---001--10-----00-0
--------------0----
-0---000----------0
-------------------

Generation = 3, Population = 155.
----------0--------
---------0-0-------
---0----000-0-----0
--0-0--01200-0---0-
-0-0-0-000000-0-0--
0-0-0---002100-----
-0-0-0-0-0000-0---0
--0-0---0-00-0-0-0-
---0----------0--00
00------0-00----1--
110----0-0000---0--
-000--0-0022001000-
--210-0--0000-1----
-000-011--00-1---0-
110000000--01---1--
0001-211210-0--1--1
-0-00-0000---0--0--
0-0-01-10-----0--0-
-0---000----------0

Generation = 4, Population = 59.
-------------------
---0-----1--------0
-------------------
------0------------
-------------------
-----0-0-----10-0-0
-------------------
---------0--0----10
00----------------1
---0-----0----002-0
--------------0----
-----0101-----2-110
-13-10--------2-0--
---1-------1------1
----------0-------1
--12-----2101-0-00-
01----------------0
---0---2-------0---
--------------0----

Generation = 5, Population = 130.
---0-----0--------0
--0-0---0-0------0-
---0--0--0--------0
-----0-0-----------
-----000-----00-0-0
----0---0---021----
-----0-0-0--000-00-
00------0-00-0--02-
1100--------0-000--
000-0---0-0--0--3-1
---0-00000---0---0-
-00-----20---0----1
22412--00--0-03-1--
-0---0------0-0-002
--0-------101-0-1-2
0-230---232-2---111
12-----0-0000-000--
000-0-0-0-------0-0
---0---0-----0-----

*** Life<FredkinCell> 12x12 ***

Generation = 0, Population = 24.
0-0-0------0
0----0------
------0-----
0-----------
----0-0-----
----0--0----
---0------00
--0-----0---
----------0-
---0-0----00
---0--------
---0--------

Generation = 1, Population = 45.
1---------0-
100--------0
-------0----
-0--0-------
0--01-------
----10--0-00
-------00011
-0-----0-0-0
--00-0--001-
--01--0--0-1
--0-00----00
--010-------

Generation = 2, Population = 56.
2-0------0--
--10---0----
0-0-0-0-0--0
--0-10-0----
--012---0-00
0----10-10--
-0--000-1122
0--0-001---1
--------1-20
-01--0-0-1-2
-0---1----1-
-0--------00

Generation = 3, Population = 77.
--1----00-0-
-021-----0-0
---010---00-
00-0210-0-0-
00---00-1011
--001---2-0-
0-0-1-10-2--
--0-0-12000-
0000--00-031
0-2101--0--3
0---0200--20
010--0---0-1

Generation = 4, Population = 45.
--2---0110--
113--0-0-1--
0--12-------
----3---1---
----2---2--2
--------3-1-
---0-----32-
---01-2-----
----0-----4-
-0-21-00--0-
-------1--31
--11-1-00-02

Generation = 5, Population = 63.
2-30--12--0-
------01020-
1--2---000--
0----1-020-0
---130-0-0--
---01--0402-
--01--1--4-2
--0----2-0--
-0-0-0-0-051
0--3--1-01--
-00-02---04-
-122----1---

*** Life<FredkinCell> 19x19 ***

Generation = 0, Population = 37.
----0---0----------
----------0-0------
0---0--0-------00--
-------------------
-----------------0-
----------00-------
-------------------
-------------------
-------0-----------
000----0-----------
--0----------0-----
0----0----0--------
-0--------00-----0-
-------------------
------------0---0--
---------0---------
--------------0-0--
---0------00-------
----0----0-0-------

Generation = 1, Population = 106.
---0-0-0-00-0------
0------000---0-00--
-0-0-00-0-0-0-0110-
0---0--0-------000-
----------00----0-0
---------0110----0-
----------00-------
-------0-----------
000---010----------
1--0--010----0-----
--10-0-0--0-0-0----
--0-0-0--01--0---0-
--0--0---0-10---0-0
-0--------000---00-
---------0-0-0-0-0-
--------0-0-0-0----
---0-----000-0---0-
--0-------1-0-0-0--
-----0--0-010------

Generation = 2, Population = 95.
0-0----10-1----00--
--------1-0-0-0----
0---011-10---01---0
-----------00------
0---0--0--------1--
--------01--10-----
-------0---------0-
000----1--00-------
--1--0---0---0-----
2-010----00--------
00--0--1--1----0-0-
-0-0----0---0------
--10----01-----01--
0----0---01--------
-0---------1--0-010
---0---0--1--------
----0----1-1--0---0
-0---0--0---10-----
--0-0-00-----00-0--

Generation = 3, Population = 170.
---0--02--200--110-
--0-000--01--01-0-0
-0-01-2--1-001-1-0-
-----00000011-0-0-0
-0-0-00--0-0-0-0-0-
0---0--01211210-00-
000---01-00000--0-0
1--0-0020-1100---0-
------0101000-0----
30-----10--0-0-0-0-
---0100---200-0---0
-101----1-10-0--00-
0-2-00-0----0-0120-
--000-0---2---00-00
--00-0-0-00-00--1-1
-00---0-0--0----00-
-0-----0--0----0-0-
0---0-------2-0-0-0
-----011------1--0-

Generation = 4, Population = 107.
-------30---1--221-
------1-1--00-2-1--
0-01--------1-----0
-------------------
----0--00----1---1-
100---0---2-3-10---
1-1-0--2-----1-01--
2----1----2--------
-0-0------1--------
4101000---0--------
0-----1--0--1---00-
-21-0-0-------0----
-0---10------0-231-
0011---0--30-------
--1-0---01-111--2-2
0---------1--0-----
-1--0----1--0----1-
---0--0---10--10---
0----1-20---0020---

Generation = 5, Population = 173.
-------4-0--20-3320
0-00-0-020111--02-0
--121-2-1---211-10-
0-000--00---10---00
0000-0-1100----01-0
---0-0-012----2--0-
-02-----0-----0-20-
3-00--02-031-0-00--
0111--0--1-0-------
-2-2---1--100---00-
10-0---10--0-000110
--2--0-0-0--0------
--20-2----010-03-20
1122-0----4----0-00
--20-0--12----00---
--0-----00--010-000
--0--00-0-0---000-0
000-----0-212---00-
-0-00-13100-1-3-0--

*** Life<FredkinCell> 16x16 ***

Generation = 0, Population = 16.
0---------------
0--------0------
-----------0----
------0---------
-----0----------
--0----0--------
---0---------0--
--------------0-
-0-----0--0-----
----------------
----------------
----------------
----------------
-----0----------
----------------
----------0-----

Generation = 1, Population = 48.
10-------0------
10------0-00----
0-----0--00-0---
-------0---0----
--0-0--0--------
-0---00-0----0--
----0--0----0---
-0-0---0--0----0
0-0---0-00-0--0-
-0-----0--0-----
----------------
----------------
-----0----------
----0-0---------
-----0----0-----
---------0-0----

Generation = 2, Population = 50.
--0--------0----
2-0---00---1----
1----0---1---0--
0-0-0--100------
-------1---0-0--
0---011--0----0-
-------1--00---0
--0----1----0---
-----0--11--00--
--------------0-
-0-----0--0-----
-----0----------
----------------
---0---0--0-----
----------------
-----0--0-0-0---

Generation = 3, Population = 105.
1010--00--010---
3-10--11000200--
-0-------2000-0-
1-----0---00----
--0--0-2--0-----
-0-01-200-------
0-0-00-20-11----
-0-0-002-00-1--0
--0-0-0-2200-1--
-0---0-0000-0--0
0-0--00-00-0--0-
-0--0-00--0-----
---0-0-0--0-----
--0-0-0-00-0----
---0-0-00---0---
----0-00-----0--

Generation = 4, Population = 54.
--2-00-----2----
4---00-2-1---1--
1--0---0-----0-0
--0-------1---0-
0------3-01-----
---1--3--0-0----
-------3-0-2---0
------1---1---0-
-0-0--1----1--0-
--0--1-1--------
---0---------0--
----------1---0-
-0-----1--1-----
-0-------10-----
----------------
-----01-------0-

Generation = 5, Population = 112.
10----00-00-00--
501----3--020200
20---001020-010-
-0--------20----
-000----------0-
0-0-11-00-010--0
---0--0--1130---
-0-0-02----0-01-
0-0-0-2-----0110
---00-0-0--0-00-
----00-0--0-0---
-0-0---0-020---0
010---0-0--0--0-
010----002-0----
-0---00--00---0-
----0120-----0-0