*** Life<ConwayCell> 13x13 ***

Generation = 0, Population = 18.
....*........
.*.....*.*...
...*.........
...*.*.......
.............
....*........
.............
........*....
.............
..........***
....**.....*.
....*........
.*.*.........

Generation = 1, Population = 16.
.............
.............
..*.*........
....*........
....*........
.............
.............
.............
...........*.
..........***
....**....***
...***.......
.............

Generation = 2, Population = 14.
.............
.............
...*.........
....**.......
.............
.............
.............
.............
..........***
.............
...*.*....*.*
...*.*.....*.
....*........

Generation = 3, Population = 11.
.............
.............
....*........
....*........
.............
.............
.............
...........*.
...........*.
..........*.*
...........*.
...*.*.....*.
....*........

Generation = 4, Population = 10.
.............
.............
.............
.............
.............
.............
.............
.............
..........***
..........*.*
..........***
....*........
....*........

Generation = 5, Population = 7.
.............
.............
.............
.............
.............
.............
.............
...........*.
..........*.*
.........*...
..........*.*
...........*.
.............

*** Life<ConwayCell> 19x19 ***

Generation = 0, Population = 32.
...*...............
....*.......*..*...
..**...............
.*...........*..*..
.......*..*........
.*......**.........
...................
.............*.....
.....*.............
.........*.........
..*...*............
.....*............*
.................*.
...*.........*.....
....*........**....
..................*
.......*......*....
...................
........*........*.

Generation = 1, Population = 15.
...................
..*.*..............
..**...............
..*................
........**.........
........**.........
...................
...................
...................
...................
...................
...................
...................
.............**....
.............**....
.............**....
...................
...................
...................

Generation = 2, Population = 15.
...................
..*................
.**................
..**...............
........**.........
........**.........
...................
...................
...................
...................
...................
...................
...................
.............**....
............*..*...
.............**....
...................
...................
...................

Generation = 3, Population = 16.
...................
.**................
.*.................
.***...............
........**.........
........**.........
...................
...................
...................
...................
...................
...................
...................
.............**....
............*..*...
.............**....
...................
...................
...................

Generation = 4, Population = 17.
...................
.**................
*..*...............
.**................
..*.....**.........
........**.........
...................
...................
...................
...................
...................
...................
...................
.............**....
............*..*...
.............**....
...................
...................
...................

Generation = 5, Population = 19.
...................
.**................
*..*...............
.***...............
.**.....**.........
........**.........
...................
...................
...................
...................
...................
...................
...................
.............**....
............*..*...
.............**....
...................
...................
...................

*** Life<ConwayCell> 17x17 ***

Generation = 0, Population = 19.
.................
*....*...........
...........*.....
...............*.
.................
....*............
.................
.........*.......
.......*.........
....*.*..........
..*...........*..
...*......*......
.................
.....*.....*.....
..*...........*..
*.*..............
.................

Generation = 1, Population = 3.
.................
.................
.................
.................
.................
.................
.................
.................
.................
.................
...*.............
.................
.................
.................
.*...............
.*...............
.................

Generation = 2, Population = 0.
.................
.................
.................
.................
.................
.................
.................
.................
.................
.................
.................
.................
.................
.................
.................
.................
.................

Generation = 3, Population = 0.
.................
.................
.................
.................
.................
.................
.................
.................
.................
.................
.................
.................
.................
.................
.................
.................
.................

Generation = 4, Population = 0.
.................
.................
.................
.................
.................
.................
.................
.................
.................
.................
.................
.................
.................
.................
.................
.................
.................

Generation = 5, Population = 0.
.................
.................
.................
.................
.................
.................
.................
.................
.................
.................
.................
.................
.................
.................
.................
.................
.................

*** Life<ConwayCell> 10x10 ***

Generation = 0, Population = 16.
.........*
*....*....
.*........
**........
....*...*.
..........
.*.*......
.....**.*.
.....*....
......*.*.

Generation = 1, Population = 7.
..........
..........
.*........
**........
..........
..........
..........
....***...
.....*....
..........

Generation = 2, Population = 11.
..........
..........
**........
**........
..........
..........
.....*....
....***...
....***...
..........

Generation = 3, Population = 10.
..........
..........
**........
**........
..........
..........
....***...
..........
....*.*...
.....*....

Generation = 4, Population = 10.
..........
..........
**........
**........
..........
.....*....
.....*....
....*.*...
.....*....
.....*....

Generation = 5, Population = 12.
..........
..........
**........
**........
..........
..........
....***...
....*.*...
....***...
..........

*** Life<ConwayCell> 15x15 ***

Generation = 0, Population = 20.
........*....*.
...............
......*........
...*..*..*.....
*............*.
..............*
...............
.....*.........
........*.*....
.*..........*..
...............
....*.....*....
...............
.............*.
.*.*...*.......

Generation = 1, Population = 0.
...............
...............
...............
...............
...............
...............
...............
...............
...............
...............
...............
...............
...............
...............
...............

Generation = 2, Population = 0.
...............
...............
...............
...............
...............
...............
...............
...............
...............
...............
...............
...............
...............
...............
...............

Generation = 3, Population = 0.
...............
...............
...............
...............
...............
...............
...............
...............
...............
...............
...............
...............
...............
...............
...............

Generation = 4, Population = 0.
...............
...............
...............
...............
...............
...............
...............
...............
...............
...............
...............
...............
...............
...............
...............

Generation = 5, Population = 0.
...............
...............
...............
...............
...............
...............
...............
...............
...............
...............
...............
...............
...............
...............
...............

*** Life<ConwayCell> 19x19 ***

Generation = 0, Population = 21.
....*........*.....
...**..............
...*...............
...................
.........*......*..
..........*.......*
....*..............
........*..........
...................
.....*........*....
.......**..........
..............*....
..................*
...................
.................*.
................*..
......*............
...................
...*...............

Generation = 1, Population = 6.
...**..............
...**..............
...**..............
...................
...................
...................
...................
...................
...................
...................
...................
...................
...................
...................
...................
...................
...................
...................
...................

Generation = 2, Population = 6.
...**..............
..*..*.............
...**..............
...................
...................
...................
...................
...................
...................
...................
...................
...................
...................
...................
...................
...................
...................
...................
...................

Generation = 3, Population = 6.
...**..............
..*..*.............
...**..............
...................
...................
...................
...................
...................
...................
...................
...................
...................
...................
...................
...................
...................
...................
...................
...................

Generation = 4, Population = 6.
...**..............
..*..*.............
...**..............
...................
...................
...................
...................
...................
...................
...................
...................
...................
...................
...................
...................
...................
...................
...................
...................

Generation = 5, Population = 6.
...**..............
..*..*.............
...**..............
...................
...................
...................
...................
...................
...................
...................
...................
...................
...................
...................
...................
...................
...................
...................
...................

*** Life<ConwayCell> 19x19 ***

Generation = 0, Population = 27.
*..**.....*..*.....
...........*...*...
...................
........*..........
...................
............*......
...................
...................
..............*....
..*..............**
....*.......*......
........*......*...
..*...***..........
.....*.............
...................
...................
...................
......*.*..*.......
..*.........*......

Generation = 1, Population = 6.
...................
...................
...................
...................
...................
...................
...................
...................
...................
...................
...................
........*..........
......***..........
......**...........
...................
...................
...................
...................
...................

Generation = 2, Population = 5.
...................
...................
...................
...................
...................
...................
...................
...................
...................
...................
...................
........*..........
......*.*..........
......*.*..........
...................
...................
...................
...................
...................

Generation = 3, Population = 3.
...................
...................
...................
...................
...................
...................
...................
...................
...................
...................
...................
.......*...........
........**.........
...................
...................
...................
...................
...................
...................

Generation = 4, Population = 2.
...................
...................
...................
...................
...................
...................
...................
...................
...................
...................
...................
........*..........
........*..........
...................
...................
...................
...................
...................
...................

Generation = 5, Population = 0.
...................
...................
...................
...................
...................
...................
...................
...................
...................
...................
...................
...................
...................
...................
...................
...................
...................
...................
...................

*** Life<ConwayCell> 15x15 ***

Generation = 0, Population = 21.
....*.....*...*
...............
....**.........
...........*...
...............
...............
...............
............*.*
.....*..*......
.*...*.......*.
*.*....*.......
.*.............
..........*....
...............
....*.*.......*

Generation = 1, Population = 8.
...............
....**.........
...............
...............
...............
...............
...............
...............
.............*.
.*....*........
*.*............
.*.............
...............
...............
...............

Generation = 2, Population = 4.
...............
...............
...............
...............
...............
...............
...............
...............
...............
.*.............
*.*............
.*.............
...............
...............
...............

Generation = 3, Population = 4.
...............
...............
...............
...............
...............
...............
...............
...............
...............
.*.............
*.*............
.*.............
...............
...............
...............

Generation = 4, Population = 4.
...............
...............
...............
...............
...............
...............
...............
...............
...............
.*.............
*.*............
.*.............
...............
...............
...............

Generation = 5, Population = 4.
...............
...............
...............
...............
...............
...............
...............
...............
...............
.*.............
*.*............
.*.............
...............
...............
...............

*** Life<ConwayCell> 13x13 ***

Generation = 0, Population = 18.
...........*.
.............
.............
.............
........*....
.....*.*.....
....*........
.*......*..**
..*....*....*
.*...........
..*..........
.**.*...*....
.............

Generation = 1, Population = 13.
.............
.............
.............
.............
.............
.............
.............
...........**
.**........**
.**..........
..**.........
.***.........
.............

Generation = 2, Population = 9.
.............
.............
.............
.............
.............
.............
.............
...........**
.**........**
.............
.............
.*.*.........
..*..........

Generation = 3, Population = 6.
.............
.............
.............
.............
.............
.............
.............
...........**
...........**
.............
.............
..*..........
..*..........

Generation = 4, Population = 4.
.............
.............
.............
.............
.............
.............
.............
...........**
...........**
.............
.............
.............
.............

Generation = 5, Population = 4.
.............
.............
.............
.............
.............
.............
.............
...........**
...........**
.............
.............
.............
.............

*** Life<ConwayCell> 10x10 ***

Generation = 0, Population = 15.
....*...*.
..........
......*...
..**...*..
.*.....*..
........*.
*.*..*....
.........*
.......*..
*.........

Generation = 1, Population = 7.
..........
..........
..........
..*...**..
..*....**.
.*........
..........
..........
..........
..........

Generation = 2, Population = 8.
..........
..........
..........
......***.
.**...***.
..........
..........
..........
..........
..........

Generation = 3, Population = 6.
..........
..........
.......*..
......*.*.
......*.*.
.......*..
..........
..........
..........
..........

Generation = 4, Population = 6.
..........
..........
.......*..
......*.*.
......*.*.
.......*..
..........
..........
..........
..........

Generation = 5, Population = 6.
..........
..........
.......*..
......*.*.
......*.*.
.......*..
..........
..........
..........
..........

*** Life<ConwayCell> 19x19 ***

Generation = 0, Population = 20.
..*................
............*......
...*.*.........*...
....*.......*......
...................
...................
...................
.......*...........
............*.*....
...................
...*........*......
........*..........
.................*.
...........*......*
.........**........
..*................
.......*...........
...................
...................

Generation = 1, Population = 5.
...................
...................
....*..............
....*..............
...................
...................
...................
...................
...................
.............*.....
...................
...................
...................
..........*........
..........*........
...................
...................
...................
...................

Generation = 2, Population = 0.
...................
...................
...................
...................
...................
...................
...................
...................
...................
...................
...................
...................
...................
...................
...................
...................
...................
...................
...................

Generation = 3, Population = 0.
...................
...................
...................
...................
...................
...................
...................
...................
...................
...................
...................
...................
...................
...................
...................
...................
...................
...................
...................

Generation = 4, Population = 0.
...................
...................
...................
...................
...................
...................
...................
...................
...................
...................
...................
...................
...................
...................
...................
...................
...................
...................
...................

Generation = 5, Population = 0.
...................
...................
...................
...................
...................
...................
...................
...................
...................
...................
...................
...................
...................
...................
...................
...................
...................
...................
...................

*** Life<ConwayCell> 11x11 ***

Generation = 0, Population = 11.
.*.*.......
....*......
...........
...........
.......*.**
........*..
...........
...........
.......*..*
....*.....*
...........

Generation = 1, Population = 4.
...........
...........
...........
...........
........**.
........**.
...........
...........
...........
...........
...........

Generation = 2, Population = 4.
...........
...........
...........
...........
........**.
........**.
...........
...........
...........
...........
...........

Generation = 3, Population = 4.
...........
...........
...........
...........
........**.
........**.
...........
...........
...........
...........
...........

Generation = 4, Population = 4.
...........
...........
...........
...........
........**.
........**.
...........
...........
...........
...........
...........

Generation = 5, Population = 4.
...........
...........
...........
...........
........**.
........**.
...........
...........
...........
...........
...........

*** Life<ConwayCell> 16x16 ***

Generation = 0, Population = 27.
..............*.
...*..*........*
..*...*.........
.........*......
................
..**............
................
..........*.....
.*........*.....
...*.*....*..*..
....*....*......
*.......*.......
.......*.*......
..*.............
...**...........
.*............*.

Generation = 1, Population = 14.
................
................
................
................
................
................
................
................
.........***....
....*....**.....
....*....*......
........**......
........*.......
...*............
..**............
................

Generation = 2, Population = 13.
................
................
................
................
................
................
................
..........*.....
.........*.*....
........*..*....
................
........**......
........**......
..**............
..**............
................

Generation = 3, Population = 14.
................
................
................
................
................
................
................
..........*.....
.........*.*....
..........*.....
........**......
........**......
........**......
..**............
..**............
................

Generation = 4, Population = 15.
................
................
................
................
................
................
................
..........*.....
.........*.*....
........*.*.....
........*.*.....
.......*..*.....
........**......
..**............
..**............
................

Generation = 5, Population = 18.
................
................
................
................
................
................
................
..........*.....
.........*.*....
........*.**....
.......**.**....
.......*..*.....
........**......
..**............
..**............
................

*** Life<ConwayCell> 11x11 ***

Generation = 0, Population = 18.
..*...**...
.....*.*..*
...*.*.*...
...........
.*.........
*..*...*...
...........
......*.***
...........
........*..
...........

Generation = 1, Population = 13.
......**...
....**.**..
....*......
...........
...........
...........
.......***.
.........*.
.......**..
...........
...........

Generation = 2, Population = 15.
.....****..
....**.**..
....**.....
...........
...........
........*..
........**.
.........*.
........*..
...........
...........

Generation = 3, Population = 12.
....**..*..
........*..
....***....
...........
...........
........**.
........**.
.........*.
...........
...........
...........

Generation = 4, Population = 9.
...........
......**...
.....*.....
.....*.....
...........
........**.
..........*
........**.
...........
...........
...........

Generation = 5, Population = 5.
...........
......*....
.....*.....
...........
...........
.........*.
..........*
.........*.
...........
...........
...........

*** Life<ConwayCell> 14x14 ***

Generation = 0, Population = 23.
........*.....
...*.......**.
.....*.......*
.*............
.....*........
..............
.........*....
....*.....*...
..........*...
.**...........
*..*........*.
.*....*.......
....*....**...
.............*

Generation = 1, Population = 7.
..............
............*.
............*.
..............
..............
..............
..............
.........**...
..............
.**...........
*.............
..............
..............
..............

Generation = 2, Population = 2.
..............
..............
..............
..............
..............
..............
..............
..............
..............
.*............
.*............
..............
..............
..............

Generation = 3, Population = 0.
..............
..............
..............
..............
..............
..............
..............
..............
..............
..............
..............
..............
..............
..............

Generation = 4, Population = 0.
..............
..............
..............
..............
..............
..............
..............
..............
..............
..............
..............
..............
..............
..............

Generation = 5, Population = 0.
..............
..............
..............
..............
..............
..............
..............
..............
..............
..............
..............
..............
..............
..............

*** Life<ConwayCell> 13x13 ***

Generation = 0, Population = 30.
*......*...*.
........*....
*..*.*.....**
.........**..
.....*.......
.........*...
.....*.......
....*.....*..
.*....**.....
..*....*.....
*..........*.
...*.*..**...
.*....*.*....

Generation = 1, Population = 24.
.............
...........**
.........***.
....*.....**.
.........**..
.............
.............
.....**......
......**.....
.*....**.....
........*....
.......***...
.......***...

Generation = 2, Population = 15.
.............
...........**
.........*...
.............
.........***.
.............
.............
.....***.....
.............
......*.*....
......*..*...
.............
.......*.*...

Generation = 3, Population = 9.
.............
.............
.............
.........*...
..........*..
..........*..
......*......
......*......
.....*.......
.......*.....
.......*.....
........*....
.............

Generation = 4, Population = 8.
.............
.............
.............
.............
.........**..
.............
.............
.....**......
......*......
......*......
.......**....
.............
.............

Generation = 5, Population = 6.
.............
.............
.............
.............
.............
.............
.............
.....**......
......**.....
......*......
.......*.....
.............
.............

*** Life<ConwayCell> 19x19 ***

Generation = 0, Population = 18.
...................
...................
...................
..........*........
...................
...*.....*........*
...................
..............*....
...................
..................*
...................
.........*..*....*.
**................*
...............*...
..............*....
......**..........*
...................
...*...............
...................

Generation = 1, Population = 0.
...................
...................
...................
...................
...................
...................
...................
...................
...................
...................
...................
...................
...................
...................
...................
...................
...................
...................
...................

Generation = 2, Population = 0.
...................
...................
...................
...................
...................
...................
...................
...................
...................
...................
...................
...................
...................
...................
...................
...................
...................
...................
...................

Generation = 3, Population = 0.
...................
...................
...................
...................
...................
...................
...................
...................
...................
...................
...................
...................
...................
...................
...................
...................
...................
...................
...................

Generation = 4, Population = 0.
...................
...................
...................
...................
...................
...................
...................
...................
...................
...................
...................
...................
...................
...................
...................
...................
...................
...................
...................

Generation = 5, Population = 0.
...................
...................
...................
...................
...................
...................
...................
...................
...................
...................
...................
...................
...................
...................
...................
...................
...................
...................
...................

*** Life<ConwayCell> 12x12 ***

Generation = 0, Population = 24.
*.*.*......*
*....*......
......*.....
*...........
....*.*.....
....*..*....
...*......**
..*.....*...
..........*.
...*.*....**
...*........
...*........

Generation = 1, Population = 20.
.*..........
.*...*......
............
.....*......
.....*......
...***......
...*........
.........***
.........***
....*.....**
..**........
............

Generation = 2, Population = 12.
............
............
............
............
.....**.....
...*.*......
...*......*.
.........*.*
............
...*.....*.*
...*........
............

Generation = 3, Population = 8.
............
............
............
............
....***.....
.....**.....
....*.....*.
..........*.
............
............
............
............

Generation = 4, Population = 5.
............
............
............
.....*......
....*.*.....
......*.....
.....*......
............
............
............
............
............

Generation = 5, Population = 3.
............
............
............
.....*......
......*.....
......*.....
............
............
............
............
............
............

*** Life<ConwayCell> 19x19 ***

Generation = 0, Population = 37.
....*...*..........
..........*.*......
*...*..*.......**..
...................
.................*.
..........**.......
...................
...................
.......*...........
***....*...........
..*..........*.....
*....*....*........
.*........**.....*.
...................
............*...*..
.........*.........
..............*.*..
...*......**.......
....*....*.*.......

Generation = 1, Population = 17.
...................
...................
...................
................*..
...................
...................
...................
...................
.*.................
.**................
*.*................
.*........**.......
..........**.......
...........*.......
...................
...............*...
..........*........
..........**.......
...........*.......

Generation = 2, Population = 18.
...................
...................
...................
...................
...................
...................
...................
...................
.**................
*.*................
*.*................
.*........**.......
............*......
..........**.......
...................
...................
..........**.......
..........**.......
..........**.......

Generation = 3, Population = 17.
...................
...................
...................
...................
...................
...................
...................
...................
.**................
*.**...............
*.*................
.*.........*.......
............*......
...........*.......
...................
...................
..........**.......
.........*..*......
..........**.......

Generation = 4, Population = 17.
...................
...................
...................
...................
...................
...................
...................
...................
.***...............
*..*...............
*.**...............
.*.................
...........**......
...................
...................
...................
..........**.......
.........*..*......
..........**.......

Generation = 5, Population = 17.
...................
...................
...................
...................
...................
...................
...................
..*................
.***...............
*...*..............
*.**...............
.**................
...................
...................
...................
...................
..........**.......
.........*..*......
..........**.......

*** Life<ConwayCell> 16x16 ***

Generation = 0, Population = 16.
*...............
*........*......
...........*....
......*.........
.....*..........
..*....*........
...*.........*..
..............*.
.*.....*..*.....
................
................
................
................
.....*..........
................
..........*.....

Generation = 1, Population = 1.
................
................
................
................
......*.........
................
................
................
................
................
................
................
................
................
................
................

Generation = 2, Population = 0.
................
................
................
................
................
................
................
................
................
................
................
................
................
................
................
................

Generation = 3, Population = 0.
................
................
................
................
................
................
................
................
................
................
................
................
................
................
................
................

Generation = 4, Population = 0.
................
................
................
................
................
................
................
................
................
................
................
................
................
................
................
................

Generation = 5, Population = 0.
................
................
................
................
................
................
................
................
................
................
................
................
................
................
................
................